{"meta": {"format": 2, "version": "7.5.0", "timestamp": "2026-01-19T23:43:41.523370", "branch_coverage": false, "show_contexts": false}, "files": {"src/mcp_server/__init__.py": {"executed_lines": [1, 3, 5], "summary": {"covered_lines": 2, "num_statements": 2, "percent_covered": 100.0, "percent_covered_display": "100", "missing_lines": 0, "excluded_lines": 0}, "missing_lines": [], "excluded_lines": []}, "src/mcp_server/models.py": {"executed_lines": [1, 7, 8, 11, 12, 14, 20, 26, 30, 38, 39, 41, 47, 53, 58, 59, 60, 62, 64, 67, 68, 70, 76, 82, 87, 88, 89, 91, 92, 94, 97, 98, 100, 106, 111, 116, 117, 118, 120, 121, 122, 123, 126, 127, 131, 134, 137, 138, 140, 146, 152, 157, 162, 163, 164, 166, 168, 170, 171, 172, 174, 175, 176, 178, 181, 182, 184, 190, 196, 201, 202, 203, 205, 207, 210, 211, 213, 219, 226, 227, 228, 230, 231, 232, 235], "summary": {"covered_lines": 77, "num_statements": 84, "percent_covered": 91.66666666666667, "percent_covered_display": "92", "missing_lines": 7, "excluded_lines": 0}, "missing_lines": [63, 93, 128, 132, 167, 177, 206], "excluded_lines": []}, "src/mcp_server/server.py": {"executed_lines": [1, 9, 10, 14, 19, 21, 24, 28, 30, 32], "summary": {"covered_lines": 9, "num_statements": 11, "percent_covered": 81.81818181818181, "percent_covered_display": "82", "missing_lines": 2, "excluded_lines": 0}, "missing_lines": [33, 34], "excluded_lines": []}, "src/mcp_server/tools/__init__.py": {"executed_lines": [1, 6, 7, 8, 10], "summary": {"covered_lines": 4, "num_statements": 4, "percent_covered": 100.0, "percent_covered_display": "100", "missing_lines": 0, "excluded_lines": 0}, "missing_lines": [], "excluded_lines": []}, "src/mcp_server/tools/admin_tools.py": {"executed_lines": [1, 8, 9, 11, 14, 15, 18, 21, 31, 39, 40, 43, 46, 47, 48, 51, 52, 53, 55, 69, 71, 73, 87, 97, 110, 111, 113, 116, 117, 118, 120, 121, 122], "summary": {"covered_lines": 32, "num_statements": 47, "percent_covered": 68.08510638297872, "percent_covered_display": "68", "missing_lines": 15, "excluded_lines": 0}, "missing_lines": [60, 61, 62, 78, 79, 80, 128, 129, 132, 134, 142, 144, 151, 152, 153], "excluded_lines": []}, "src/mcp_server/tools/mutation_tools.py": {"executed_lines": [1, 9, 10, 11, 12, 13, 14, 15, 17, 20, 21, 24, 27, 28, 31, 33, 34, 35, 36, 39, 40, 42, 45, 47, 50, 53, 54, 57, 69, 70, 73, 74, 76, 79, 89, 100, 101, 102, 105, 108, 111, 114, 117, 118, 119, 122, 129, 130, 135, 137, 144, 145, 146, 153, 163, 172, 173, 174, 177, 178, 179, 238, 248, 257, 258, 261, 262, 263], "summary": {"covered_lines": 67, "num_statements": 109, "percent_covered": 61.46788990825688, "percent_covered_display": "61", "missing_lines": 42, "excluded_lines": 0}, "missing_lines": [182, 185, 186, 192, 193, 194, 195, 198, 201, 202, 203, 206, 213, 214, 219, 221, 229, 230, 231, 266, 269, 270, 271, 273, 280, 282, 286, 287, 288, 289, 291, 292, 295, 296, 297, 298, 299, 301, 303, 310, 311, 312], "excluded_lines": []}, "src/mcp_server/tools/search_tools.py": {"executed_lines": [1, 9, 10, 11, 12, 13, 15, 18, 19, 22, 25, 26, 29, 31, 32, 33, 35, 38, 39, 41, 44, 46, 49, 59, 71, 73, 76, 77, 78, 79, 80, 82, 83, 97, 98, 100, 115, 125, 134, 136, 137, 138, 176, 186, 195, 197, 198, 200, 201, 202, 208, 211, 212, 230], "summary": {"covered_lines": 53, "num_statements": 76, "percent_covered": 69.73684210526316, "percent_covered_display": "70", "missing_lines": 23, "excluded_lines": 0}, "missing_lines": [93, 94, 106, 107, 108, 141, 144, 145, 146, 147, 162, 163, 165, 167, 168, 169, 204, 205, 213, 214, 236, 237, 238], "excluded_lines": []}}, "totals": {"covered_lines": 244, "num_statements": 333, "percent_covered": 73.27327327327328, "percent_covered_display": "73", "missing_lines": 89, "excluded_lines": 0}}