{"meta": {"format": 2, "version": "7.5.0", "timestamp": "2026-01-19T23:58:47.789836", "branch_coverage": false, "show_contexts": false}, "files": {"src/mcp_server/__init__.py": {"executed_lines": [1, 3, 5], "summary": {"covered_lines": 2, "num_statements": 2, "percent_covered": 100.0, "percent_covered_display": "100", "missing_lines": 0, "excluded_lines": 0}, "missing_lines": [], "excluded_lines": []}, "src/mcp_server/models.py": {"executed_lines": [1, 7, 8, 11, 12, 14, 20, 26, 30, 38, 39, 41, 47, 53, 58, 59, 60, 62, 64, 67, 68, 70, 76, 82, 87, 88, 89, 91, 92, 94, 97, 98, 100, 106, 111, 116, 117, 118, 120, 121, 122, 123, 126, 127, 131, 134, 137, 138, 140, 146, 152, 157, 162, 163, 164, 166, 168, 170, 171, 172, 174, 175, 176, 178, 181, 182, 184, 190, 196, 201, 202, 203, 205, 207, 210, 211, 213, 219, 226, 227, 228, 230, 231, 232, 235], "summary": {"covered_lines": 77, "num_statements": 84, "percent_covered": 91.66666666666667, "percent_covered_display": "92", "missing_lines": 7, "excluded_lines": 0}, "missing_lines": [63, 93, 128, 132, 167, 177, 206], "excluded_lines": []}, "src/mcp_server/server.py": {"executed_lines": [1, 9, 10, 14, 19, 21, 24, 28, 30, 32], "summary": {"covered_lines": 9, "num_statements": 11, "percent_covered": 81.81818181818181, "percent_covered_display": "82", "missing_lines": 2, "excluded_lines": 0}, "missing_lines": [33, 34], "excluded_lines": []}, "src/mcp_server/tools/__init__.py": {"executed_lines": [1, 6, 7, 8, 10], "summary": {"covered_lines": 4, "num_statements": 4, "percent_covered": 100.0, "percent_covered_display": "100", "missing_lines": 0, "excluded_lines": 0}, "missing_lines": [], "excluded_lines": []}, "src/mcp_server/tools/admin_tools.py": {"executed_lines": [1, 8, 9, 11, 14, 15, 18, 21, 31, 39, 40, 43, 46, 47, 48, 51, 52, 53, 55, 69, 71, 73, 87, 97, 110, 111, 113, 116, 117, 118, 120, 121, 122], "summary": {"covered_lines": 32, "num_statements": 47, "percent_covered": 68.08510638297872, "percent_covered_display": "68", "missing_lines": 15, "excluded_lines": 0}, "missing_lines": [60, 61, 62, 78, 79, 80, 128, 129, 132, 134, 142, 144, 151, 152, 153], "excluded_lines": []}, "src/mcp_server/tools/mutation_tools.py": {"executed_lines": [1, 9, 10, 11, 12, 13, 14, 15, 17, 20, 21, 24, 27, 28, 31, 34, 35, 38, 50, 51, 54, 55, 57, 60, 70, 81, 82, 83, 86, 89, 92, 95, 98, 99, 100, 103, 110, 111, 116, 118, 125, 126, 127, 134, 144, 153, 154, 155, 158, 159, 160, 163, 166, 167, 173, 179, 182, 183, 184, 187, 194, 195, 200, 202, 219, 229, 238, 239, 242, 243, 244, 247, 250, 251, 252, 254, 261, 263, 267, 268, 272, 276, 277, 278, 282, 284], "summary": {"covered_lines": 85, "num_statements": 99, "percent_covered": 85.85858585858585, "percent_covered_display": "86", "missing_lines": 14, "excluded_lines": 0}, "missing_lines": [174, 175, 176, 210, 211, 212, 269, 270, 273, 279, 280, 291, 292, 293], "excluded_lines": []}, "src/mcp_server/tools/search_tools.py": {"executed_lines": [1, 9, 10, 11, 12, 13, 15, 18, 19, 22, 25, 26, 29, 39, 51, 53, 56, 57, 58, 59, 60, 62, 63, 77, 78, 80, 95, 105, 114, 116, 117, 118, 121, 124, 125, 126, 127, 156, 166, 175, 177, 178, 180, 181, 182, 188, 191, 192, 210], "summary": {"covered_lines": 48, "num_statements": 66, "percent_covered": 72.72727272727273, "percent_covered_display": "73", "missing_lines": 18, "excluded_lines": 0}, "missing_lines": [73, 74, 86, 87, 88, 142, 143, 145, 147, 148, 149, 184, 185, 193, 194, 216, 217, 218], "excluded_lines": []}, "src/mcp_server/tools/uuid_cache.py": {"executed_lines": [1, 8, 9, 10, 13, 14, 17, 29, 30, 31, 32, 35, 36, 38, 41, 50], "summary": {"covered_lines": 15, "num_statements": 15, "percent_covered": 100.0, "percent_covered_display": "100", "missing_lines": 0, "excluded_lines": 0}, "missing_lines": [], "excluded_lines": []}}, "totals": {"covered_lines": 272, "num_statements": 328, "percent_covered": 82.92682926829268, "percent_covered_display": "83", "missing_lines": 56, "excluded_lines": 0}}