{"meta": {"format": 2, "version": "7.5.0", "timestamp": "2026-01-19T22:41:09.698966", "branch_coverage": false, "show_contexts": false}, "files": {"src/memory/__init__.py": {"executed_lines": [1, 3, 5], "summary": {"covered_lines": 2, "num_statements": 2, "percent_covered": 100.0, "percent_covered_display": "100", "missing_lines": 0, "excluded_lines": 0}, "missing_lines": [], "excluded_lines": []}, "src/memory/search_engine.py": {"executed_lines": [2, 11, 12, 13, 14, 15, 16, 18, 21, 22, 24, 32, 43, 64, 66, 67, 70, 71, 72, 75, 84, 85, 86, 94, 96, 98, 100, 103, 122, 123, 126, 133, 134, 136, 137, 144, 145, 146, 147, 150, 168, 169, 171, 172, 176, 177, 178, 182, 184, 185, 186, 193, 194, 195, 207, 208, 209, 210, 211, 213], "summary": {"covered_lines": 60, "num_statements": 74, "percent_covered": 81.08108108108108, "percent_covered_display": "81", "missing_lines": 14, "excluded_lines": 0}, "missing_lines": [27, 28, 29, 30, 35, 36, 37, 38, 39, 40, 202, 204, 215, 217], "excluded_lines": []}}, "totals": {"covered_lines": 62, "num_statements": 76, "percent_covered": 81.57894736842105, "percent_covered_display": "82", "missing_lines": 14, "excluded_lines": 0}}